build/intermediates/manifest_merge_blame_file/debug/manifest-merger-blame-debug-report.txt
1<?xml version="1.0" encoding="utf-8"?>
2<manifest xmlns:android="http://schemas.android.com/apk/res/android"
3    xmlns:tools="http://schemas.android.com/tools"
4    package="org.videolan.vlc"
5    android:installLocation="auto" >
6
7    <uses-sdk
7-->application/vlc-android/AndroidManifest.xml:6:5-141
8        android:minSdkVersion="17"
9        android:targetSdkVersion="33"
10        tools:overrideLibrary="com.jraska.livedata.ktx, com.jraska.livedata, tools.fastlane.screengrab, android_libs.ub_uiautomator" />
10-->application/vlc-android/AndroidManifest.xml:6:15-139
11
12    <uses-permission android:name="android.permission.READ_EXTERNAL_STORAGE" />
12-->application/vlc-android/AndroidManifest.xml:29:5-80
12-->application/vlc-android/AndroidManifest.xml:29:22-77
13    <uses-permission android:name="android.permission.WRITE_EXTERNAL_STORAGE" />
13-->application/vlc-android/AndroidManifest.xml:15:5-80
13-->application/vlc-android/AndroidManifest.xml:15:22-78
14    <uses-permission android:name="android.permission.CHANGE_CONFIGURATION" />
14-->src/debug/AndroidManifest.xml:8:5-79
14-->src/debug/AndroidManifest.xml:8:22-76
15    <uses-permission
15-->src/debug/AndroidManifest.xml:9:5-11:51
16        android:name="android.permission.DUMP"
16-->src/debug/AndroidManifest.xml:10:13-51
17        tools:ignore="ProtectedPermissions" />
17-->src/debug/AndroidManifest.xml:11:13-48
18    <uses-permission
18-->application/vlc-android/AndroidManifest.xml:8:5-10:37
19        android:name="android.permission.READ_LOGS"
19-->application/vlc-android/AndroidManifest.xml:9:9-52
20        android:maxSdkVersion="18" /> <!-- android:maxSdkVersion="15" -->
20-->application/vlc-android/AndroidManifest.xml:10:9-35
21    <!-- vibration on audioplayer buttons long press -->
22    <uses-permission android:name="android.permission.MANAGE_EXTERNAL_STORAGE" />
22-->application/vlc-android/AndroidManifest.xml:12:5-82
22-->application/vlc-android/AndroidManifest.xml:12:22-79
23    <uses-permission android:name="android.permission.VIBRATE" /> <!-- used for setting ringtone -->
23-->application/vlc-android/AndroidManifest.xml:13:5-65
23-->application/vlc-android/AndroidManifest.xml:13:22-63
24    <uses-permission android:name="android.permission.WRITE_SETTINGS" /> <!-- Internet -->
24-->application/vlc-android/AndroidManifest.xml:14:5-72
24-->application/vlc-android/AndroidManifest.xml:14:22-70
25    <uses-permission android:name="android.permission.INTERNET" /> <!-- Launch recommendations service once device is booted -->
25-->application/vlc-android/AndroidManifest.xml:16:5-66
25-->application/vlc-android/AndroidManifest.xml:16:22-64
26    <uses-permission android:name="android.permission.RECEIVE_BOOT_COMPLETED" /> <!-- Audio search on TV -->
26-->application/vlc-android/AndroidManifest.xml:17:5-80
26-->application/vlc-android/AndroidManifest.xml:17:22-78
27    <uses-permission android:name="android.permission.RECORD_AUDIO" /> <!-- USe foreground services -->
27-->application/vlc-android/AndroidManifest.xml:18:5-70
27-->application/vlc-android/AndroidManifest.xml:18:22-68
28    <uses-permission android:name="android.permission.FOREGROUND_SERVICE" /> <!-- normal -->
28-->application/vlc-android/AndroidManifest.xml:19:5-76
28-->application/vlc-android/AndroidManifest.xml:19:22-74
29    <uses-permission android:name="android.permission.ACCESS_NETWORK_STATE" />
29-->application/vlc-android/AndroidManifest.xml:20:5-78
29-->application/vlc-android/AndroidManifest.xml:20:22-76
30    <uses-permission android:name="android.permission.WAKE_LOCK" />
30-->application/vlc-android/AndroidManifest.xml:21:5-67
30-->application/vlc-android/AndroidManifest.xml:21:22-65
31    <uses-permission android:name="android.permission.MODIFY_AUDIO_SETTINGS" />
31-->application/vlc-android/AndroidManifest.xml:22:5-79
31-->application/vlc-android/AndroidManifest.xml:22:22-77
32    <uses-permission android:name="android.permission.BLUETOOTH" />
32-->application/vlc-android/AndroidManifest.xml:23:5-67
32-->application/vlc-android/AndroidManifest.xml:23:22-65
33    <uses-permission android:name="android.permission.SYSTEM_ALERT_WINDOW" />
33-->application/vlc-android/AndroidManifest.xml:24:5-77
33-->application/vlc-android/AndroidManifest.xml:24:22-75
34    <uses-permission android:name="org.videolan.vlc.permission.READ_EXTENSION_DATA" />
34-->application/vlc-android/AndroidManifest.xml:25:5-86
34-->application/vlc-android/AndroidManifest.xml:25:22-84
35    <uses-permission android:name="com.android.providers.tv.permission.READ_EPG_DATA" />
35-->application/vlc-android/AndroidManifest.xml:26:5-88
35-->application/vlc-android/AndroidManifest.xml:26:22-86
36    <uses-permission android:name="com.android.providers.tv.permission.WRITE_EPG_DATA" />
36-->application/vlc-android/AndroidManifest.xml:27:5-89
36-->application/vlc-android/AndroidManifest.xml:27:22-87
37    <uses-permission android:name="android.permission.POST_NOTIFICATIONS" />
37-->application/vlc-android/AndroidManifest.xml:28:5-76
37-->application/vlc-android/AndroidManifest.xml:28:22-74
38    <uses-permission android:name="android.permission.ACCESS_WIFI_STATE" />
38-->application/vlc-android/AndroidManifest.xml:30:5-76
38-->application/vlc-android/AndroidManifest.xml:30:22-73
39    <uses-permission android:name="android.permission.CHANGE_WIFI_STATE" /> <!-- Custom permissions for our content provider -->
39-->application/vlc-android/AndroidManifest.xml:31:5-76
39-->application/vlc-android/AndroidManifest.xml:31:22-73
40    <permission
40-->application/vlc-android/AndroidManifest.xml:34:5-36:47
41        android:name="${applicationId}.MEDIA"
41-->application/vlc-android/AndroidManifest.xml:35:9-46
42        android:protectionLevel="signature" /> <!-- Declare permissions used by our app -->
42-->application/vlc-android/AndroidManifest.xml:36:9-44
43    <uses-permission android:name="${applicationId}.MEDIA" />
43-->application/vlc-android/AndroidManifest.xml:39:5-62
43-->application/vlc-android/AndroidManifest.xml:39:22-59
44
45    <uses-feature
45-->application/vlc-android/AndroidManifest.xml:41:5-43:35
46        android:name="android.software.leanback"
46-->application/vlc-android/AndroidManifest.xml:42:9-49
47        android:required="false" />
47-->application/vlc-android/AndroidManifest.xml:43:9-33
48    <uses-feature
48-->application/vlc-android/AndroidManifest.xml:44:5-46:35
49        android:name="android.hardware.touchscreen"
49-->application/vlc-android/AndroidManifest.xml:45:9-52
50        android:required="false" />
50-->application/vlc-android/AndroidManifest.xml:46:9-33
51    <uses-feature
51-->application/vlc-android/AndroidManifest.xml:47:5-49:35
52        android:name="android.hardware.microphone"
52-->application/vlc-android/AndroidManifest.xml:48:9-51
53        android:required="false" />
53-->application/vlc-android/AndroidManifest.xml:49:9-33
54    <uses-feature
54-->application/vlc-android/AndroidManifest.xml:50:5-52:35
55        android:name="android.hardware.bluetooth"
55-->application/vlc-android/AndroidManifest.xml:51:9-50
56        android:required="false" />
56-->application/vlc-android/AndroidManifest.xml:52:9-33
57
58    <application>
58-->application/vlc-android/AndroidManifest.xml:54:5-1216:19
59
60        <!-- Enable VLC in Samsung multiwindow mode -->
61        <meta-data
61-->application/vlc-android/AndroidManifest.xml:57:9-59:35
62            android:name="com.samsung.android.sdk.multiwindow.enable"
62-->application/vlc-android/AndroidManifest.xml:58:13-70
63            android:value="true" />
63-->application/vlc-android/AndroidManifest.xml:59:13-33
64        <!-- Enable VLC in LG split window mode -->
65        <meta-data
65-->application/vlc-android/AndroidManifest.xml:61:9-63:35
66            android:name="com.lge.support.SPLIT_WINDOW"
66-->application/vlc-android/AndroidManifest.xml:62:13-56
67            android:value="true" />
67-->application/vlc-android/AndroidManifest.xml:63:13-33
68        <!-- Android auto -->
69        <meta-data
69-->application/vlc-android/AndroidManifest.xml:65:9-67:58
70            android:name="com.google.android.gms.car.application"
70-->application/vlc-android/AndroidManifest.xml:66:13-66
71            android:resource="@xml/automotive_app_desc" />
71-->application/vlc-android/AndroidManifest.xml:67:13-56
72        <meta-data
72-->application/vlc-android/AndroidManifest.xml:68:9-70:48
73            android:name="com.google.android.gms.car.notification.SmallIcon"
73-->application/vlc-android/AndroidManifest.xml:69:13-77
74            android:resource="@drawable/icon" />
74-->application/vlc-android/AndroidManifest.xml:70:13-46
75        <meta-data
75-->application/vlc-android/AndroidManifest.xml:71:9-73:34
76            android:name="android.max_aspect"
76-->application/vlc-android/AndroidManifest.xml:72:13-46
77            android:value="3.0" />
77-->application/vlc-android/AndroidManifest.xml:73:13-32
78        <meta-data
78-->application/vlc-android/AndroidManifest.xml:74:9-76:36
79            android:name="android.allow_multiple_resumed_activities"
79-->application/vlc-android/AndroidManifest.xml:75:13-69
80            android:value="true" />
80-->application/vlc-android/AndroidManifest.xml:76:13-33
81
82        <activity
82-->application/vlc-android/AndroidManifest.xml:78:9-945:20
83            android:name="org.videolan.vlc.StartActivity"
83-->application/vlc-android/AndroidManifest.xml:79:13-42
84            android:exported="true"
84-->application/vlc-android/AndroidManifest.xml:81:17-40
85            android:theme="@style/Theme.VLC.Transparent.NoUI" >
85-->application/vlc-android/AndroidManifest.xml:80:13-62
86            <intent-filter>
86-->application/vlc-android/AndroidManifest.xml:82:13-87:29
87                <action android:name="android.intent.action.MAIN" />
87-->application/vlc-android/AndroidManifest.xml:83:17-68
87-->application/vlc-android/AndroidManifest.xml:83:25-66
88
89                <category android:name="android.intent.category.LAUNCHER" />
89-->application/vlc-android/AndroidManifest.xml:85:17-76
89-->application/vlc-android/AndroidManifest.xml:85:27-74
90                <category android:name="android.intent.category.LEANBACK_LAUNCHER" />
90-->application/vlc-android/AndroidManifest.xml:86:17-85
90-->application/vlc-android/AndroidManifest.xml:86:27-83
91            </intent-filter>
92
93            <meta-data
93-->application/vlc-android/AndroidManifest.xml:89:13-91:52
94                android:name="android.app.shortcuts"
94-->application/vlc-android/AndroidManifest.xml:90:17-53
95                android:resource="@xml/shortcuts" />
95-->application/vlc-android/AndroidManifest.xml:91:17-50
96
97            <intent-filter>
97-->application/vlc-android/AndroidManifest.xml:93:13-102:29
98                <action android:name="android.intent.action.VIEW" />
98-->application/vlc-android/AndroidManifest.xml:94:17-68
98-->application/vlc-android/AndroidManifest.xml:94:25-66
99
100                <category android:name="android.intent.category.BROWSABLE" />
100-->application/vlc-android/AndroidManifest.xml:96:17-77
100-->application/vlc-android/AndroidManifest.xml:96:27-75
101                <category android:name="android.intent.category.DEFAULT" />
101-->application/vlc-android/AndroidManifest.xml:97:17-75
101-->application/vlc-android/AndroidManifest.xml:97:27-73
102
103                <data
103-->application/vlc-android/AndroidManifest.xml:99:17-101:51
104                    android:host="${applicationId}"
104-->application/vlc-android/AndroidManifest.xml:100:21-52
105                    android:scheme="vlclauncher" />
105-->application/vlc-android/AndroidManifest.xml:101:21-49
106            </intent-filter>
107
108            <!-- This filter captures protocols without type info -->
109            <intent-filter>
109-->application/vlc-android/AndroidManifest.xml:105:13-122:29
110                <action android:name="android.intent.action.VIEW" />
110-->application/vlc-android/AndroidManifest.xml:94:17-68
110-->application/vlc-android/AndroidManifest.xml:94:25-66
111
112                <category android:name="android.intent.category.DEFAULT" />
112-->application/vlc-android/AndroidManifest.xml:97:17-75
112-->application/vlc-android/AndroidManifest.xml:97:27-73
113                <category android:name="android.intent.category.BROWSABLE" />
113-->application/vlc-android/AndroidManifest.xml:96:17-77
113-->application/vlc-android/AndroidManifest.xml:96:27-75
114
115                <data android:scheme="rtmp" />
115-->application/vlc-android/AndroidManifest.xml:99:17-101:51
115-->application/vlc-android/AndroidManifest.xml:101:21-49
116                <data android:scheme="rtmpe" />
116-->application/vlc-android/AndroidManifest.xml:99:17-101:51
116-->application/vlc-android/AndroidManifest.xml:101:21-49
117                <data android:scheme="rtmps" />
117-->application/vlc-android/AndroidManifest.xml:99:17-101:51
117-->application/vlc-android/AndroidManifest.xml:101:21-49
118                <data android:scheme="rtp" />
118-->application/vlc-android/AndroidManifest.xml:99:17-101:51
118-->application/vlc-android/AndroidManifest.xml:101:21-49
119                <data android:scheme="rtsp" />
119-->application/vlc-android/AndroidManifest.xml:99:17-101:51
119-->application/vlc-android/AndroidManifest.xml:101:21-49
120                <data android:scheme="mms" />
120-->application/vlc-android/AndroidManifest.xml:99:17-101:51
120-->application/vlc-android/AndroidManifest.xml:101:21-49
121                <data android:scheme="mmsh" />
121-->application/vlc-android/AndroidManifest.xml:99:17-101:51
121-->application/vlc-android/AndroidManifest.xml:101:21-49
122                <data android:scheme="icyx" />
122-->application/vlc-android/AndroidManifest.xml:99:17-101:51
122-->application/vlc-android/AndroidManifest.xml:101:21-49
123                <data android:scheme="httplive" />
123-->application/vlc-android/AndroidManifest.xml:99:17-101:51
123-->application/vlc-android/AndroidManifest.xml:101:21-49
124                <data android:scheme="udp" />
124-->application/vlc-android/AndroidManifest.xml:99:17-101:51
124-->application/vlc-android/AndroidManifest.xml:101:21-49
125                <data android:scheme="vlc" />
125-->application/vlc-android/AndroidManifest.xml:99:17-101:51
125-->application/vlc-android/AndroidManifest.xml:101:21-49
126            </intent-filter>
127            <!-- This filter captures protocols with type info -->
128            <intent-filter>
128-->application/vlc-android/AndroidManifest.xml:124:13-143:29
129                <action android:name="android.intent.action.VIEW" />
129-->application/vlc-android/AndroidManifest.xml:94:17-68
129-->application/vlc-android/AndroidManifest.xml:94:25-66
130
131                <category android:name="android.intent.category.DEFAULT" />
131-->application/vlc-android/AndroidManifest.xml:97:17-75
131-->application/vlc-android/AndroidManifest.xml:97:27-73
132                <category android:name="android.intent.category.BROWSABLE" />
132-->application/vlc-android/AndroidManifest.xml:96:17-77
132-->application/vlc-android/AndroidManifest.xml:96:27-75
133
134                <data android:mimeType="video/*" />
134-->application/vlc-android/AndroidManifest.xml:99:17-101:51
135                <data android:mimeType="audio/*" />
135-->application/vlc-android/AndroidManifest.xml:99:17-101:51
136                <data android:scheme="rtmp" />
136-->application/vlc-android/AndroidManifest.xml:99:17-101:51
136-->application/vlc-android/AndroidManifest.xml:101:21-49
137                <data android:scheme="rtmpe" />
137-->application/vlc-android/AndroidManifest.xml:99:17-101:51
137-->application/vlc-android/AndroidManifest.xml:101:21-49
138                <data android:scheme="rtmps" />
138-->application/vlc-android/AndroidManifest.xml:99:17-101:51
138-->application/vlc-android/AndroidManifest.xml:101:21-49
139                <data android:scheme="rtp" />
139-->application/vlc-android/AndroidManifest.xml:99:17-101:51
139-->application/vlc-android/AndroidManifest.xml:101:21-49
140                <data android:scheme="rtsp" />
140-->application/vlc-android/AndroidManifest.xml:99:17-101:51
140-->application/vlc-android/AndroidManifest.xml:101:21-49
141                <data android:scheme="mms" />
141-->application/vlc-android/AndroidManifest.xml:99:17-101:51
141-->application/vlc-android/AndroidManifest.xml:101:21-49
142                <data android:scheme="mmsh" />
142-->application/vlc-android/AndroidManifest.xml:99:17-101:51
142-->application/vlc-android/AndroidManifest.xml:101:21-49
143                <data android:scheme="icyx" />
143-->application/vlc-android/AndroidManifest.xml:99:17-101:51
143-->application/vlc-android/AndroidManifest.xml:101:21-49
144                <data android:scheme="httplive" />
144-->application/vlc-android/AndroidManifest.xml:99:17-101:51
144-->application/vlc-android/AndroidManifest.xml:101:21-49
145                <data android:scheme="udp" />
145-->application/vlc-android/AndroidManifest.xml:99:17-101:51
145-->application/vlc-android/AndroidManifest.xml:101:21-49
146                <data android:scheme="vlc" />
146-->application/vlc-android/AndroidManifest.xml:99:17-101:51
146-->application/vlc-android/AndroidManifest.xml:101:21-49
147            </intent-filter>
148            <intent-filter>
148-->application/vlc-android/AndroidManifest.xml:144:13-184:29
149                <action android:name="android.intent.action.VIEW" />
149-->application/vlc-android/AndroidManifest.xml:94:17-68
149-->application/vlc-android/AndroidManifest.xml:94:25-66
150
151                <category android:name="android.intent.category.DEFAULT" />
151-->application/vlc-android/AndroidManifest.xml:97:17-75
151-->application/vlc-android/AndroidManifest.xml:97:27-73
152                <category android:name="android.intent.category.BROWSABLE" />
152-->application/vlc-android/AndroidManifest.xml:96:17-77
152-->application/vlc-android/AndroidManifest.xml:96:27-75
153
154                <data android:scheme="" />
154-->application/vlc-android/AndroidManifest.xml:99:17-101:51
154-->application/vlc-android/AndroidManifest.xml:101:21-49
155                <data android:scheme="file" />
155-->application/vlc-android/AndroidManifest.xml:99:17-101:51
155-->application/vlc-android/AndroidManifest.xml:101:21-49
156                <data android:scheme="ftp" />
156-->application/vlc-android/AndroidManifest.xml:99:17-101:51
156-->application/vlc-android/AndroidManifest.xml:101:21-49
157                <data android:scheme="ftps" />
157-->application/vlc-android/AndroidManifest.xml:99:17-101:51
157-->application/vlc-android/AndroidManifest.xml:101:21-49
158                <data android:scheme="sftp" />
158-->application/vlc-android/AndroidManifest.xml:99:17-101:51
158-->application/vlc-android/AndroidManifest.xml:101:21-49
159                <data android:scheme="content" />
159-->application/vlc-android/AndroidManifest.xml:99:17-101:51
159-->application/vlc-android/AndroidManifest.xml:101:21-49
160                <data android:scheme="http" />
160-->application/vlc-android/AndroidManifest.xml:99:17-101:51
160-->application/vlc-android/AndroidManifest.xml:101:21-49
161                <data android:scheme="https" />
161-->application/vlc-android/AndroidManifest.xml:99:17-101:51
161-->application/vlc-android/AndroidManifest.xml:101:21-49
162                <data android:scheme="smb" />
162-->application/vlc-android/AndroidManifest.xml:99:17-101:51
162-->application/vlc-android/AndroidManifest.xml:101:21-49
163                <data android:mimeType="video/*" />
163-->application/vlc-android/AndroidManifest.xml:99:17-101:51
164                <data android:mimeType="audio/*" />
164-->application/vlc-android/AndroidManifest.xml:99:17-101:51
165                <data android:mimeType="*/rmvb" />
165-->application/vlc-android/AndroidManifest.xml:99:17-101:51
166                <data android:mimeType="*/avi" />
166-->application/vlc-android/AndroidManifest.xml:99:17-101:51
167                <data android:mimeType="*/mkv" />
167-->application/vlc-android/AndroidManifest.xml:99:17-101:51
168                <data android:mimeType="application/3gpp*" />
168-->application/vlc-android/AndroidManifest.xml:99:17-101:51
169                <data android:mimeType="application/mp4" />
169-->application/vlc-android/AndroidManifest.xml:99:17-101:51
170                <data android:mimeType="application/mpeg*" />
170-->application/vlc-android/AndroidManifest.xml:99:17-101:51
171                <data android:mimeType="application/ogg" />
171-->application/vlc-android/AndroidManifest.xml:99:17-101:51
172                <data android:mimeType="application/sdp" />
172-->application/vlc-android/AndroidManifest.xml:99:17-101:51
173                <data android:mimeType="application/vnd.3gp*" />
173-->application/vlc-android/AndroidManifest.xml:99:17-101:51
174                <data android:mimeType="application/vnd.apple.mpegurl" />
174-->application/vlc-android/AndroidManifest.xml:99:17-101:51
175                <data android:mimeType="application/vnd.dvd*" />
175-->application/vlc-android/AndroidManifest.xml:99:17-101:51
176                <data android:mimeType="application/vnd.dolby*" />
176-->application/vlc-android/AndroidManifest.xml:99:17-101:51
177                <data android:mimeType="application/vnd.rn-realmedia*" />
177-->application/vlc-android/AndroidManifest.xml:99:17-101:51
178                <data android:mimeType="application/x-iso9660-image" />
178-->application/vlc-android/AndroidManifest.xml:99:17-101:51
179                <data android:mimeType="application/x-extension-mp4" />
179-->application/vlc-android/AndroidManifest.xml:99:17-101:51
180                <data android:mimeType="application/x-flac" />
180-->application/vlc-android/AndroidManifest.xml:99:17-101:51
181                <data android:mimeType="application/x-matroska" />
181-->application/vlc-android/AndroidManifest.xml:99:17-101:51
182                <data android:mimeType="application/x-mpegURL" />
182-->application/vlc-android/AndroidManifest.xml:99:17-101:51
183                <data android:mimeType="application/x-ogg" />
183-->application/vlc-android/AndroidManifest.xml:99:17-101:51
184                <data android:mimeType="application/x-quicktimeplayer" />
184-->application/vlc-android/AndroidManifest.xml:99:17-101:51
185                <data android:mimeType="application/x-shockwave-flash" />
185-->application/vlc-android/AndroidManifest.xml:99:17-101:51
186                <data android:mimeType="application/xspf+xml" />
186-->application/vlc-android/AndroidManifest.xml:99:17-101:51
187                <data android:mimeType="misc/ultravox" />
187-->application/vlc-android/AndroidManifest.xml:99:17-101:51
188            </intent-filter>
189            <intent-filter>
189-->application/vlc-android/AndroidManifest.xml:185:13-918:29
190                <action android:name="android.intent.action.VIEW" />
190-->application/vlc-android/AndroidManifest.xml:94:17-68
190-->application/vlc-android/AndroidManifest.xml:94:25-66
191
192                <category android:name="android.intent.category.DEFAULT" />
192-->application/vlc-android/AndroidManifest.xml:97:17-75
192-->application/vlc-android/AndroidManifest.xml:97:27-73
193                <category android:name="android.intent.category.BROWSABLE" />
193-->application/vlc-android/AndroidManifest.xml:96:17-77
193-->application/vlc-android/AndroidManifest.xml:96:27-75
194
195                <data android:scheme="" />
195-->application/vlc-android/AndroidManifest.xml:99:17-101:51
195-->application/vlc-android/AndroidManifest.xml:101:21-49
196                <data android:scheme="file" />
196-->application/vlc-android/AndroidManifest.xml:99:17-101:51
196-->application/vlc-android/AndroidManifest.xml:101:21-49
197                <data android:scheme="ftp" />
197-->application/vlc-android/AndroidManifest.xml:99:17-101:51
197-->application/vlc-android/AndroidManifest.xml:101:21-49
198                <data android:scheme="content" />
198-->application/vlc-android/AndroidManifest.xml:99:17-101:51
198-->application/vlc-android/AndroidManifest.xml:101:21-49
199                <data android:scheme="http" />
199-->application/vlc-android/AndroidManifest.xml:99:17-101:51
199-->application/vlc-android/AndroidManifest.xml:101:21-49
200                <data android:scheme="https" />
200-->application/vlc-android/AndroidManifest.xml:99:17-101:51
200-->application/vlc-android/AndroidManifest.xml:101:21-49
201                <data android:host="*" />
201-->application/vlc-android/AndroidManifest.xml:99:17-101:51
201-->application/vlc-android/AndroidManifest.xml:100:21-52
202
203                <!-- video -->
204
205                <data android:pathPattern=".*.3G2" />
205-->application/vlc-android/AndroidManifest.xml:99:17-101:51
206                <data android:pathPattern=".*.3g2" />
206-->application/vlc-android/AndroidManifest.xml:99:17-101:51
207                <data android:pathPattern=".*\\..*\\..*\\.3G2" />
207-->application/vlc-android/AndroidManifest.xml:99:17-101:51
208                <data android:pathPattern=".*\\..*\\..*\\.3g2" />
208-->application/vlc-android/AndroidManifest.xml:99:17-101:51
209                <data android:pathPattern=".*\\..*\\.3G2" />
209-->application/vlc-android/AndroidManifest.xml:99:17-101:51
210                <data android:pathPattern=".*\\..*\\.3g2" />
210-->application/vlc-android/AndroidManifest.xml:99:17-101:51
211                <data android:pathPattern=".*.3GP" />
211-->application/vlc-android/AndroidManifest.xml:99:17-101:51
212                <data android:pathPattern=".*.3gp" />
212-->application/vlc-android/AndroidManifest.xml:99:17-101:51
213                <data android:pathPattern=".*\\..*\\..*\\.3GP" />
213-->application/vlc-android/AndroidManifest.xml:99:17-101:51
214                <data android:pathPattern=".*\\..*\\..*\\.3gp" />
214-->application/vlc-android/AndroidManifest.xml:99:17-101:51
215                <data android:pathPattern=".*\\..*\\.3GP" />
215-->application/vlc-android/AndroidManifest.xml:99:17-101:51
216                <data android:pathPattern=".*\\..*\\.3gp" />
216-->application/vlc-android/AndroidManifest.xml:99:17-101:51
217                <data android:pathPattern=".*.3GP2" />
217-->application/vlc-android/AndroidManifest.xml:99:17-101:51
218                <data android:pathPattern=".*.3gp2" />
218-->application/vlc-android/AndroidManifest.xml:99:17-101:51
219                <data android:pathPattern=".*\\..*\\..*\\.3GP2" />
219-->application/vlc-android/AndroidManifest.xml:99:17-101:51
220                <data android:pathPattern=".*\\..*\\..*\\.3gp2" />
220-->application/vlc-android/AndroidManifest.xml:99:17-101:51
221                <data android:pathPattern=".*\\..*\\.3GP2" />
221-->application/vlc-android/AndroidManifest.xml:99:17-101:51
222                <data android:pathPattern=".*\\..*\\.3gp2" />
222-->application/vlc-android/AndroidManifest.xml:99:17-101:51
223                <data android:pathPattern=".*.3GPP" />
223-->application/vlc-android/AndroidManifest.xml:99:17-101:51
224                <data android:pathPattern=".*.3gpp" />
224-->application/vlc-android/AndroidManifest.xml:99:17-101:51
225                <data android:pathPattern=".*\\..*\\..*\\.3GPP" />
225-->application/vlc-android/AndroidManifest.xml:99:17-101:51
226                <data android:pathPattern=".*\\..*\\..*\\.3gpp" />
226-->application/vlc-android/AndroidManifest.xml:99:17-101:51
227                <data android:pathPattern=".*\\..*\\.3GPP" />
227-->application/vlc-android/AndroidManifest.xml:99:17-101:51
228                <data android:pathPattern=".*\\..*\\.3gpp" />
228-->application/vlc-android/AndroidManifest.xml:99:17-101:51
229                <data android:pathPattern=".*.AMV" />
229-->application/vlc-android/AndroidManifest.xml:99:17-101:51
230                <data android:pathPattern=".*.amv" />
230-->application/vlc-android/AndroidManifest.xml:99:17-101:51
231                <data android:pathPattern=".*\\..*\\..*\\.AMV" />
231-->application/vlc-android/AndroidManifest.xml:99:17-101:51
232                <data android:pathPattern=".*\\..*\\..*\\.amv" />
232-->application/vlc-android/AndroidManifest.xml:99:17-101:51
233                <data android:pathPattern=".*\\..*\\.AMV" />
233-->application/vlc-android/AndroidManifest.xml:99:17-101:51
234                <data android:pathPattern=".*\\..*\\.amv" />
234-->application/vlc-android/AndroidManifest.xml:99:17-101:51
235                <data android:pathPattern=".*.ASF" />
235-->application/vlc-android/AndroidManifest.xml:99:17-101:51
236                <data android:pathPattern=".*.asf" />
236-->application/vlc-android/AndroidManifest.xml:99:17-101:51
237                <data android:pathPattern=".*\\..*\\..*\\.ASF" />
237-->application/vlc-android/AndroidManifest.xml:99:17-101:51
238                <data android:pathPattern=".*\\..*\\..*\\.asf" />
238-->application/vlc-android/AndroidManifest.xml:99:17-101:51
239                <data android:pathPattern=".*\\..*\\.ASF" />
239-->application/vlc-android/AndroidManifest.xml:99:17-101:51
240                <data android:pathPattern=".*\\..*\\.asf" />
240-->application/vlc-android/AndroidManifest.xml:99:17-101:51
241                <data android:pathPattern=".*.AVI" />
241-->application/vlc-android/AndroidManifest.xml:99:17-101:51
242                <data android:pathPattern=".*.avi" />
242-->application/vlc-android/AndroidManifest.xml:99:17-101:51
243                <data android:pathPattern=".*\\..*\\..*\\.AVI" />
243-->application/vlc-android/AndroidManifest.xml:99:17-101:51
244                <data android:pathPattern=".*\\..*\\..*\\.avi" />
244-->application/vlc-android/AndroidManifest.xml:99:17-101:51
245                <data android:pathPattern=".*\\..*\\.AVI" />
245-->application/vlc-android/AndroidManifest.xml:99:17-101:51